23:22:29:380 [ALWAYS]	GUDE Logging Started
23:22:29:380 [INFO]	SqliteResumeCache::SqliteResumeCache basedirectory is null/empty
23:22:29:381 [ERROR]	SqliteResumeCache::CreateSqliteResumeCache creating resume cache pointer failure
23:22:29:381 [ERROR]	Initialize resume cache pointer failure
23:22:29:381 [INFO]	gude policy POLICY_USER limit (2,2,1) chunk 2097152, chunking (UL 0 DL 1), resXfer 1, adapt 0, NSURL 0, timeout 86400 
23:22:29:381 [INFO]	Initialized -- gude-lib version: v0.12.1 app: gude
23:22:33:766 [WARN]	Ignoring attempt to reinit logging to \gude at level 4 retaining 3 days of logs
23:22:33:766 [INFO]	SqliteResumeCache::SqliteResumeCache basedirectory is null/empty
23:22:33:766 [ERROR]	SqliteResumeCache::CreateSqliteResumeCache creating resume cache pointer failure
23:22:33:775 [ERROR]	Initialize resume cache pointer failure
23:22:33:775 [INFO]	gude policy POLICY_USER limit (4,4,1) chunk 2097152, chunking (UL 0 DL 1), resXfer 1, adapt 0, NSURL 1, timeout 86400 
23:22:33:775 [INFO]	Initialized -- gude-lib version: v0.12.1 app: gude
23:35:48:399 [ALWAYS]	GUDE Logging Started
23:35:48:399 [INFO]	SqliteResumeCache::SqliteResumeCache basedirectory is null/empty
23:35:48:399 [ERROR]	SqliteResumeCache::CreateSqliteResumeCache creating resume cache pointer failure
23:35:48:399 [ERROR]	Initialize resume cache pointer failure
23:35:48:400 [INFO]	gude policy POLICY_USER limit (2,2,1) chunk 2097152, chunking (UL 0 DL 1), resXfer 1, adapt 0, NSURL 0, timeout 86400 
23:35:48:400 [INFO]	Initialized -- gude-lib version: v0.12.1 app: gude
23:35:52:375 [WARN]	Ignoring attempt to reinit logging to \gude at level 4 retaining 3 days of logs
23:35:52:375 [INFO]	SqliteResumeCache::SqliteResumeCache basedirectory is null/empty
23:35:52:375 [ERROR]	SqliteResumeCache::CreateSqliteResumeCache creating resume cache pointer failure
23:35:52:375 [ERROR]	Initialize resume cache pointer failure
23:35:52:375 [INFO]	gude policy POLICY_USER limit (4,4,1) chunk 2097152, chunking (UL 0 DL 1), resXfer 1, adapt 0, NSURL 1, timeout 86400 
23:35:52:375 [INFO]	Initialized -- gude-lib version: v0.12.1 app: gude
